0
2
4
6
7
8
9
1
2
3
4
5
8
9
10
1
2
3
4
5
6
7
8
9
10
1
3
5
6
8
9
10
6
7
8
10
11
12
13
14
15
8
9
10
12
13
6
7
8
9
10
11
12
13
15
6
7
10
11
12
14
15
6
7
8
9
10
12
13
15
6
7
9
10
11
12
13
14
15
11
12
14
15
17
18
19
20
11
13
14
15
16
17
19
20
11
14
15
16
17
19
11
12
13
14
15
16
17
18
19
11
12
14
15
16
19
20
11
12
13
15
16
17
18
19
20
11
12
13
14
17
18
19
20
11
12
13
14
15
16
17
18
19
20
11
12
13
14
15
16
18
19
17
18
19
21
22
24
25
16
18
19
21
22
23
24
25
16
17
18
19
20
21
23
24
25
17
18
19
21
22
23
24
25
16
17
18
19
20
21
22
23
24
16
17
18
19
21
22
24
25
16
17
18
19
21
22
25
16
17
18
19
20
21
22
23
24
25
16
17
18
20
21
22
23
24
25
16
17
21
22
23
24
25
17
19
20
21
22
23
24
25
16
18
19
20
24
25
16
17
18
19
20
21
22
23
24
16
17
18
19
20
21
22
23
17
18
19
20
21
22
23
24
25
16
17
18
19
20
22
24
16
18
20
21
22
24
25
16
17
18
19
20
21
24
25
16
17
18
20
23
24
25
16
17
18
19
20
22
23
24
25
16
17
18
19
20
22
23
16
17
18
19
20
21
22
23
24
25
16
17
18
19
20
21
22
23
24
16
17
18
19
21
22
23
24
16
17
18
19
20
21
22
23
24
25
16
18
19
20
21
23
24
25
16
17
19
20
22
23
24
25
16
17
19
21
23
24
25
16
17
19
20
21
22
23
24
25
16
18
19
20
21
22
16
17
18
19
20
21
22
23
24
25
16
17
18
19
20
22
23
25
17
18
19
20
22
23
25
16
17
19
20
21
22
23
24
16
17
18
19
20
21
22
23
24
25
16
17
18
19
20
21
22
23
24
25
16
17
18
19
20
21
22
24
18
20
21
22
23
24
25
18
19
20
22
23
24
25
26
27
18
19
20
21
22
23
24
25
26
27
18
20
21
22
24
25
26
27
18
19
20
21
23
24
25
26
18
19
21
22
23
24
25
27
18
19
20
21
22
25
26
27
18
19
20
21
23
24
25
27
18
20
21
22
23
24
25
26
27
19
20
21
22
23
25
26
19
20
21
22
23
24
25
27
18
19
20
22
23
24
25
27
18
19
21
22
23
24
25
26
27
20
22
23
24
25
26
27
28
29
20
21
23
25
27
28
20
21
22
23
24
25
26
27
29
20
21
23
24
25
26
27
28
29
22
23
24
25
27
28
29
21
23
24
25
28
30
21
22
23
24
25
27
28
29
30
21
22
24
25
26
28
29
30
21
22
23
24
25
26
27
28
29
30
22
23
24
25
26
27
28
30
22
23
24
25
28
29
30
21
22
23
24
25
26
28
29
30
22
23
24
25
26
27
28
22
23
25
26
28
29
30
21
23
24
25
26
27
28
29
30
24
25
26
28
29
21
22
23
24
25
26
27
29
30
21
22
23
24
27
28
29
30
21
23
24
25
26
27
28
29
30
21
22
23
24
25
26
27
28
29
21
23
24
25
26
27
29
30
21
22
23
24
25
26
27
28
29
21
22
23
25
26
27
29
30
21
22
23
24
26
27
28
23
24
25
26
27
30
22
23
24
25
26
27
28
29
30
21
22
23
25
26
28
29
21
22
24
25
26
27
29
21
23
24
25
26
27
28
29
30
26
27
28
30
31
0
1
27
28
31
0
1
26
27
29
30
31
0
1
26
27
28
30
0
1
26
27
28
29
30
0
1
27
28
30
31
26
28
29
30
31
0
1
26
28
29
30
0
1
26
27
28
30
31
0
1
26
27
28
29
30
31
0
1
29
30
31
0
1
26
27
28
31
0
1
26
27
28
29
30
31
0
1
27
28
30
0
1
27
28
29
30
0
26
27
28
29
30
0
1
26
28
30
31
0
1
26
28
29
31
0
1
26
27
28
30
31
0
1
26
27
28
29
30
31
0
1
27
28
29
30
31
0
1
26
27
30
31
0
1
26
28
29
30
0
1
26
27
28
29
30
31
0
1
26
27
28
29
30
31
0
1
26
27
28
29
30
31
0
26
27
28
29
30
31
1
26
27
28
29
30
31
0
1
26
27
30
31
0
1
26
27
29
30
31
0
26
27
28
30
31
0
1
28
29
31
1
28
29
30
31
28
29
30
0
1
28
29
30
31
0
1
29
30
31
0
1
28
29
30
31
0
1
29
30
31
1
28
29
30
31
0
29
30
1
28
29
30
31
0
1
28
29
30
31
0
1
28
29
30
31
1
29
30
31
30
31
0
1
31
0
1
31
1
31
0
1
31
0
1
31
0
1
0
1
31
0
1
31
0
1
31
0
31
0
1
0
1
31
0
1
31
0
1
0
1
31
0
1
31
0
1
1
31
0
1
31
0
1
31
0
1
31
0
1
1
0
1
