0
1
2
3
4
5
6
7
8
9
1
2
3
4
5
6
7
8
9
10
1
2
3
4
5
6
7
8
9
10
1
2
3
4
5
6
7
8
9
10
6
7
8
9
10
11
12
13
14
15
6
7
8
9
10
11
12
13
14
15
6
7
8
9
10
11
12
13
14
15
6
7
8
9
10
11
12
13
14
15
6
7
8
9
10
11
12
13
14
15
6
7
8
9
10
11
12
13
14
15
11
12
13
14
15
16
17
18
19
20
11
12
13
14
15
16
17
18
19
20
11
12
13
14
15
16
17
18
19
20
11
12
13
14
15
16
17
18
19
20
11
12
13
14
15
16
17
18
19
20
11
12
13
14
15
16
17
18
19
20
11
12
13
14
15
16
17
18
19
20
11
12
13
14
15
16
17
18
19
20
11
12
13
14
15
16
17
18
19
20
16
17
18
19
20
21
22
23
24
25
16
17
18
19
20
21
22
23
24
25
16
17
18
19
20
21
22
23
24
25
16
17
18
19
20
21
22
23
24
25
16
17
18
19
20
21
22
23
24
25
16
17
18
19
20
21
22
23
24
25
16
17
18
19
20
21
22
23
24
25
16
17
18
19
20
21
22
23
24
25
16
17
18
19
20
21
22
23
24
25
16
17
18
19
20
21
22
23
24
25
16
17
18
19
20
21
22
23
24
25
16
17
18
19
20
21
22
23
24
25
16
17
18
19
20
21
22
23
24
25
16
17
18
19
20
21
22
23
24
25
16
17
18
19
20
21
22
23
24
25
16
17
18
19
20
21
22
23
24
25
16
17
18
19
20
21
22
23
24
25
16
17
18
19
20
21
22
23
24
25
16
17
18
19
20
21
22
23
24
25
16
17
18
19
20
21
22
23
24
25
16
17
18
19
20
21
22
23
24
25
16
17
18
19
20
21
22
23
24
25
16
17
18
19
20
21
22
23
24
25
16
17
18
19
20
21
22
23
24
25
16
17
18
19
20
21
22
23
24
25
16
17
18
19
20
21
22
23
24
25
16
17
18
19
20
21
22
23
24
25
16
17
18
19
20
21
22
23
24
25
16
17
18
19
20
21
22
23
24
25
16
17
18
19
20
21
22
23
24
25
16
17
18
19
20
21
22
23
24
25
16
17
18
19
20
21
22
23
24
25
16
17
18
19
20
21
22
23
24
25
16
17
18
19
20
21
22
23
24
25
16
17
18
19
20
21
22
23
24
25
16
17
18
19
20
21
22
23
24
25
16
17
18
19
20
21
22
23
24
25
16
17
18
19
20
21
22
23
24
25
18
19
20
21
22
23
24
25
26
27
18
19
20
21
22
23
24
25
26
27
18
19
20
21
22
23
24
25
26
27
18
19
20
21
22
23
24
25
26
27
18
19
20
21
22
23
24
25
26
27
18
19
20
21
22
23
24
25
26
27
18
19
20
21
22
23
24
25
26
27
18
19
20
21
22
23
24
25
26
27
18
19
20
21
22
23
24
25
26
27
18
19
20
21
22
23
24
25
26
27
18
19
20
21
22
23
24
25
26
27
18
19
20
21
22
23
24
25
26
27
20
21
22
23
24
25
26
27
28
29
20
21
22
23
24
25
26
27
28
29
20
21
22
23
24
25
26
27
28
29
20
21
22
23
24
25
26
27
28
29
20
21
22
23
24
25
26
27
28
29
21
22
23
24
25
26
27
28
29
30
21
22
23
24
25
26
27
28
29
30
21
22
23
24
25
26
27
28
29
30
21
22
23
24
25
26
27
28
29
30
21
22
23
24
25
26
27
28
29
30
21
22
23
24
25
26
27
28
29
30
21
22
23
24
25
26
27
28
29
30
21
22
23
24
25
26
27
28
29
30
21
22
23
24
25
26
27
28
29
30
21
22
23
24
25
26
27
28
29
30
21
22
23
24
25
26
27
28
29
30
21
22
23
24
25
26
27
28
29
30
21
22
23
24
25
26
27
28
29
30
21
22
23
24
25
26
27
28
29
30
21
22
23
24
25
26
27
28
29
30
21
22
23
24
25
26
27
28
29
30
21
22
23
24
25
26
27
28
29
30
21
22
23
24
25
26
27
28
29
30
21
22
23
24
25
26
27
28
29
30
21
22
23
24
25
26
27
28
29
30
21
22
23
24
25
26
27
28
29
30
21
22
23
24
25
26
27
28
29
30
21
22
23
24
25
26
27
28
29
30
21
22
23
24
25
26
27
28
29
30
26
27
28
29
30
31
0
1
26
27
28
29
30
31
0
1
26
27
28
29
30
31
0
1
26
27
28
29
30
31
0
1
26
27
28
29
30
31
0
1
26
27
28
29
30
31
0
1
26
27
28
29
30
31
0
1
26
27
28
29
30
31
0
1
26
27
28
29
30
31
0
1
26
27
28
29
30
31
0
1
26
27
28
29
30
31
0
1
26
27
28
29
30
31
0
1
26
27
28
29
30
31
0
1
26
27
28
29
30
31
0
1
26
27
28
29
30
31
0
1
26
27
28
29
30
31
0
1
26
27
28
29
30
31
0
1
26
27
28
29
30
31
0
1
26
27
28
29
30
31
0
1
26
27
28
29
30
31
0
1
26
27
28
29
30
31
0
1
26
27
28
29
30
31
0
1
26
27
28
29
30
31
0
1
26
27
28
29
30
31
0
1
26
27
28
29
30
31
0
1
26
27
28
29
30
31
0
1
26
27
28
29
30
31
0
1
26
27
28
29
30
31
0
1
26
27
28
29
30
31
0
1
26
27
28
29
30
31
0
1
26
27
28
29
30
31
0
1
28
29
30
31
0
1
28
29
30
31
0
1
28
29
30
31
0
1
28
29
30
31
0
1
28
29
30
31
0
1
28
29
30
31
0
1
28
29
30
31
0
1
28
29
30
31
0
1
28
29
30
31
0
1
28
29
30
31
0
1
28
29
30
31
0
1
28
29
30
31
0
1
28
29
30
31
0
1
28
29
30
31
0
1
31
0
1
31
0
1
31
0
1
31
0
1
31
0
1
31
0
1
31
0
1
31
0
1
31
0
1
31
0
1
31
0
1
31
0
1
31
0
1
31
0
1
31
0
1
31
0
1
31
0
1
31
0
1
31
0
1
31
0
1
31
0
1
31
0
1
31
0
1
